#
# There is insufficient memory for the Java Runtime Environment to continue.
# Native memory allocation (mmap) failed to map 134217728 bytes for G1 virtual space
# Possible reasons:
#   The system is out of physical RAM or swap space
#   The process is running with CompressedOops enabled, and the Java Heap may be blocking the growth of the native heap
# Possible solutions:
#   Reduce memory load on the system
#   Increase physical memory or swap space
#   Check if swap backing store is full
#   Decrease Java heap size (-Xmx/-Xms)
#   Decrease number of Java threads
#   Decrease Java thread stack sizes (-Xss)
#   Set larger code cache with -XX:ReservedCodeCacheSize=
#   JVM is running with Unscaled Compressed Oops mode in which the Java heap is
#     placed in the first 4GB address space. The Java Heap base address is the
#     maximum limit for the native heap growth. Please use -XX:HeapBaseMinAddress
#     to set the Java Heap base and to place the Java Heap above 4GB virtual address.
# This output file may be truncated or incomplete.
#
#  Out of Memory Error (os_windows.cpp:3530), pid=18308, tid=16416
#
# JRE version:  (18.0.2.1+1) (build )
# Java VM: Java HotSpot(TM) 64-Bit Server VM (18.0.2.1+1-1, mixed mode, sharing, tiered, compressed oops, compressed class ptrs, g1 gc, windows-amd64)
# No core dump will be written. Minidumps are not enabled by default on client versions of Windows
#

---------------  S U M M A R Y ------------

Command Line: -Dclassworlds.conf=D:\apache-maven-3.8.6\bin\m2.conf -Dmaven.home=D:\apache-maven-3.8.6 -Dlibrary.jansi.path=D:\apache-maven-3.8.6\lib\jansi-native -Dmaven.multiModuleProjectDirectory=C:\Users\Administrator\Desktop\SpringBoot\springboot-community org.codehaus.plexus.classworlds.launcher.Launcher spring-boot:run

Host: Intel(R) Core(TM) i5-7200U CPU @ 2.50GHz, 4 cores, 7G,  Windows 10 , 64 bit Build 19041 (10.0.19041.2364)
Time: Fri Jan  6 16:01:39 2023 China Standard Time elapsed time: 0.028504 seconds (0d 0h 0m 0s)

---------------  T H R E A D  ---------------

Current thread (0x0000020eaa6829d0):  JavaThread "Unknown thread" [_thread_in_vm, id=16416, stack(0x0000003769c00000,0x0000003769d00000)]

Stack: [0x0000003769c00000,0x0000003769d00000]
Native frames: (J=compiled Java code, j=interpreted, Vv=VM code, C=native code)
V  [jvm.dll+0x6993aa]
V  [jvm.dll+0x7f46dd]
V  [jvm.dll+0x7f5fee]
V  [jvm.dll+0x7f66a3]
V  [jvm.dll+0x25cf1f]
V  [jvm.dll+0x6962f9]
V  [jvm.dll+0x68ae2a]
V  [jvm.dll+0x32255b]
V  [jvm.dll+0x329f36]
V  [jvm.dll+0x37eade]
V  [jvm.dll+0x37ed0f]
V  [jvm.dll+0x2fa2da]
V  [jvm.dll+0x2fb33d]
V  [jvm.dll+0x7c3310]
V  [jvm.dll+0x38be61]
V  [jvm.dll+0x7a2023]
V  [jvm.dll+0x40dc3f]
V  [jvm.dll+0x40f611]
C  [jli.dll+0x526b]
C  [ucrtbase.dll+0x21bb2]
C  [KERNEL32.DLL+0x17614]
C  [ntdll.dll+0x526a1]


---------------  P R O C E S S  ---------------

Threads class SMR info:
_java_thread_list=0x00007ffb7269e550, length=0, elements={
}

Java Threads: ( => current thread )

Other Threads:
  0x0000020eaa6e28f0 WorkerThread "GC Thread#0" [stack: 0x0000003769d00000,0x0000003769e00000] [id=12456]
  0x0000020eaa6f3560 ConcurrentGCThread "G1 Main Marker" [stack: 0x0000003769e00000,0x0000003769f00000] [id=8072]
  0x0000020eaa6f3f50 WorkerThread "G1 Conc#0" [stack: 0x0000003769f00000,0x000000376a000000] [id=6476]

[error occurred during error reporting (printing all threads), id 0xc0000005, EXCEPTION_ACCESS_VIOLATION (0xc0000005) at pc=0x00007ffb71eca877]

VM state: not at safepoint (not fully initialized)

VM Mutex/Monitor currently owned by a thread:  ([mutex/lock_event])
[0x0000020eaa67d8b0] Heap_lock - owner thread: 0x0000020eaa6829d0

Heap address: 0x0000000081600000, size: 2026 MB, Compressed Oops mode: 32-bit

CDS archive(s) mapped at: [0x0000000000000000-0x0000000000000000-0x0000000000000000), size 0, SharedBaseAddress: 0x0000000800000000, ArchiveRelocationMode: 0.
Narrow klass base: 0x0000000000000000, Narrow klass shift: 0, Narrow klass range: 0x0

GC Precious Log:
 CardTable entry size: 512
 Card Set container configuration: InlinePtr #cards 5 size 8 Array Of Cards #cards 12 size 40 Howl #buckets 4 coarsen threshold 1843 Howl Bitmap #cards 512 size 80 coarsen threshold 460 Card regions per heap region 1 cards per card region 2048

Heap:
 garbage-first heap   total 0K, used 0K [0x0000000081600000, 0x0000000100000000)
  region size 1024K, 0 young (0K), 0 survivors (0K)

[error occurred during error reporting (printing heap information), id 0xc0000005, EXCEPTION_ACCESS_VIOLATION (0xc0000005) at pc=0x00007ffb722b1839]

GC Heap History (0 events):
No events

Deoptimization events (0 events):
No events

Classes loaded (0 events):
No events

Classes unloaded (0 events):
No events

Classes redefined (0 events):
No events

Internal exceptions (0 events):
No events

VM Operations (0 events):
No events

Events (1 events):
Event: 0.017 Loaded shared library C:\Java\bin\java.dll


Dynamic libraries:
0x00007ff79c320000 - 0x00007ff79c330000 	C:\Java\bin\java.exe
0x00007ffbb4d30000 - 0x00007ffbb4f28000 	C:\WINDOWS\SYSTEM32\ntdll.dll
0x00007ffbb3620000 - 0x00007ffbb36df000 	C:\WINDOWS\System32\KERNEL32.DLL
0x00007ffbb2470000 - 0x00007ffbb2742000 	C:\WINDOWS\System32\KERNELBASE.dll
0x00007ffbb29d0000 - 0x00007ffbb2ad0000 	C:\WINDOWS\System32\ucrtbase.dll
0x00007ffbac950000 - 0x00007ffbac968000 	C:\Java\bin\jli.dll
0x00007ffbb3980000 - 0x00007ffbb3a2e000 	C:\WINDOWS\System32\ADVAPI32.dll
0x00007ffbb38c0000 - 0x00007ffbb395e000 	C:\WINDOWS\System32\msvcrt.dll
0x00007ffbb31e0000 - 0x00007ffbb327c000 	C:\WINDOWS\System32\sechost.dll
0x00007ffbb44a0000 - 0x00007ffbb45c5000 	C:\WINDOWS\System32\RPCRT4.dll
0x00007ffbb45d0000 - 0x00007ffbb4771000 	C:\WINDOWS\System32\USER32.dll
0x00007ffbb2750000 - 0x00007ffbb2772000 	C:\WINDOWS\System32\win32u.dll
0x00007ffbb35f0000 - 0x00007ffbb361b000 	C:\WINDOWS\System32\GDI32.dll
0x00007ffbb2890000 - 0x00007ffbb299f000 	C:\WINDOWS\System32\gdi32full.dll
0x00007ffbb27f0000 - 0x00007ffbb288d000 	C:\WINDOWS\System32\msvcp_win.dll
0x00007ffbac930000 - 0x00007ffbac94a000 	C:\Java\bin\VCRUNTIME140.dll
0x00007ffb9fd70000 - 0x00007ffba000a000 	C:\WINDOWS\WinSxS\amd64_microsoft.windows.common-controls_6595b64144ccf1df_6.0.19041.1110_none_60b5254171f9507e\COMCTL32.dll
0x00007ffba9ee0000 - 0x00007ffba9eea000 	C:\WINDOWS\SYSTEM32\VERSION.dll
0x00007ffbb3aa0000 - 0x00007ffbb3ad2000 	C:\WINDOWS\System32\IMM32.DLL
0x00007ffbad0c0000 - 0x00007ffbad0cc000 	C:\Java\bin\vcruntime140_1.dll
0x00007ffb886f0000 - 0x00007ffb8877d000 	C:\Java\bin\msvcp140.dll
0x00007ffb71bc0000 - 0x00007ffb727d1000 	C:\Java\bin\server\jvm.dll
0x00007ffbb3970000 - 0x00007ffbb3978000 	C:\WINDOWS\System32\PSAPI.DLL
0x00007ffb614e0000 - 0x00007ffb614e9000 	C:\WINDOWS\SYSTEM32\WSOCK32.dll
0x00007ffbb3a30000 - 0x00007ffbb3a9b000 	C:\WINDOWS\System32\WS2_32.dll
0x00007ffb8a0a0000 - 0x00007ffb8a0c7000 	C:\WINDOWS\SYSTEM32\WINMM.dll
0x00007ffbb02c0000 - 0x00007ffbb02d2000 	C:\WINDOWS\SYSTEM32\kernel.appcore.dll
0x00007ffbad080000 - 0x00007ffbad08a000 	C:\Java\bin\jimage.dll
0x00007ffba9680000 - 0x00007ffba9864000 	C:\WINDOWS\SYSTEM32\DBGHELP.DLL
0x00007ffba9620000 - 0x00007ffba9655000 	C:\WINDOWS\SYSTEM32\dbgcore.DLL
0x00007ffbb2ce0000 - 0x00007ffbb2d62000 	C:\WINDOWS\System32\bcryptPrimitives.dll
0x00007ffbabfe0000 - 0x00007ffbac005000 	C:\Java\bin\java.dll

dbghelp: loaded successfully - version: 4.0.5 - missing functions: none
symbol engine: initialized successfully - sym options: 0x614 - pdb path: .;C:\Java\bin;C:\WINDOWS\SYSTEM32;C:\WINDOWS\WinSxS\amd64_microsoft.windows.common-controls_6595b64144ccf1df_6.0.19041.1110_none_60b5254171f9507e;C:\Java\bin\server

VM Arguments:
jvm_args: -Dclassworlds.conf=D:\apache-maven-3.8.6\bin\m2.conf -Dmaven.home=D:\apache-maven-3.8.6 -Dlibrary.jansi.path=D:\apache-maven-3.8.6\lib\jansi-native -Dmaven.multiModuleProjectDirectory=C:\Users\Administrator\Desktop\SpringBoot\springboot-community 
java_command: org.codehaus.plexus.classworlds.launcher.Launcher spring-boot:run
java_class_path (initial): D:\apache-maven-3.8.6\boot\plexus-classworlds-2.6.0.jar
Launcher Type: SUN_STANDARD

[Global flags]
     intx CICompilerCount                          = 3                                         {product} {ergonomic}
     uint ConcGCThreads                            = 1                                         {product} {ergonomic}
     uint G1ConcRefinementThreads                  = 4                                         {product} {ergonomic}
   size_t G1HeapRegionSize                         = 1048576                                   {product} {ergonomic}
    uintx GCDrainStackTargetSize                   = 64                                        {product} {ergonomic}
   size_t InitialHeapSize                          = 134217728                                 {product} {ergonomic}
   size_t MarkStackSize                            = 4194304                                   {product} {ergonomic}
   size_t MaxHeapSize                              = 2124414976                                {product} {ergonomic}
   size_t MinHeapDeltaBytes                        = 1048576                                   {product} {ergonomic}
   size_t MinHeapSize                              = 8388608                                   {product} {ergonomic}
    uintx NonNMethodCodeHeapSize                   = 5832780                                {pd product} {ergonomic}
    uintx NonProfiledCodeHeapSize                  = 122912730                              {pd product} {ergonomic}
    uintx ProfiledCodeHeapSize                     = 122912730                              {pd product} {ergonomic}
    uintx ReservedCodeCacheSize                    = 251658240                              {pd product} {ergonomic}
     bool SegmentedCodeCache                       = true                                      {product} {ergonomic}
   size_t SoftMaxHeapSize                          = 2124414976                             {manageable} {ergonomic}
     bool UseCompressedClassPointers               = true                           {product lp64_product} {ergonomic}
     bool UseCompressedOops                        = true                           {product lp64_product} {ergonomic}
     bool UseG1GC                                  = true                                      {product} {ergonomic}
     bool UseLargePagesIndividualAllocation        = false                                  {pd product} {ergonomic}

Logging:
Log output configuration:
 #0: stdout all=warning uptime,level,tags foldmultilines=false
 #1: stderr all=off uptime,level,tags foldmultilines=false

Environment Variables:
CLASSPATH=.;%JAVA_HOME%\lib;%JAVA_HOME%\lib\dt.jar;%JAVA_HOME%\lib\tools.jar;
PATH=C:\Program Files\Common Files\Oracle\Java\javapath;C:\Java\jdk1.8\bin;C:\Java\jdk1.8\jre\bin;D:\apache-maven-3.8.6\bin;C:\Program Files (x86)\Java\jdk1.8.0_191\bin;D:\VMware 15.5\bin\;C:\WINDOWS\system32;C:\WINDOWS;C:\WINDOWS\System32\Wbem;C:\WINDOWS\System32\WindowsPowerShell\v1.0\;C:\WINDOWS\System32\OpenSSH\;C:\Program Files (x86)\NVIDIA Corporation\PhysX\Common;C:\Program Files (x86)\MySQL\mysql-5.6.51-winx64\bin;C:\WINDOWS\system32;C:\WINDOWS;C:\WINDOWS\System32\Wbem;C:\WINDOWS\System32\WindowsPowerShell\v1.0\;C:\WINDOWS\System32\OpenSSH\;C:\Program Files\Git\cmd;C:\Program Files\dotnet\;D:\nodejs\;C:\ProgramData\chocolatey\bin;C:\Java\bin;D:\apache-artemis-2.27.0\bin;C:\Program Files (x86)\MySQL\mysql-5.6.51-winx64\bin;C:\Users\Administrator\AppData\Local\Programs\Python\Python39\Scripts\;C:\Users\Administrator\AppData\Local\Programs\Python\Python39\;D:\Python39\;D:\Scripts\;D:\;"C:\Users\Administrator\AppData\Local\Microsoft\WindowsApps;D:\php;D:\php\ext";C:\Users\Administrator\AppData\Local\Microsoft\WindowsApps;D:\IntelliJ IDEA Community Edition 2021.3.2\bin;;C:\Users\Administrator\AppData\Roaming\npm
USERNAME=Administrator
OS=Windows_NT
PROCESSOR_IDENTIFIER=Intel64 Family 6 Model 142 Stepping 9, GenuineIntel



---------------  S Y S T E M  ---------------

OS:
 Windows 10 , 64 bit Build 19041 (10.0.19041.2364)
OS uptime: 16 days 20:48 hours

CPU: total 4 (initial active 4) (2 cores per cpu, 2 threads per core) family 6 model 142 stepping 9 microcode 0xec, cx8, cmov, fxsr, ht, mmx, 3dnowpref, sse, sse2, sse3, ssse3, sse4.1, sse4.2, popcnt, lzcnt, tsc, tscinvbit, avx, avx2, aes, erms, clmul, bmi1, bmi2, adx, fma, vzeroupper, clflush, clflushopt

Memory: 4k page, system-wide physical 8099M (261M free)
TotalPageFile size 18226M (AvailPageFile size 61M)
current process WorkingSet (physical memory assigned to process): 10M, peak: 10M
current process commit charge ("private bytes"): 52M, peak: 179M

vm_info: Java HotSpot(TM) 64-Bit Server VM (18.0.2.1+1-1) for windows-amd64 JRE (18.0.2.1+1-1), built on Aug 16 2022 01:46:33 by "mach5one" with MS VC++ 16.8 / 16.9 (VS2019)

END.
